{
  "RSpec": {
    "coverage": {
      "/Users/angusmcleod/discourse/discourse/plugins/discourse-question-answer/lib/question_answer/engine.rb": {
        "lines": [
          1,
          1,
          1,
          1,
          null,
          null
        ]
      },
      "/Users/angusmcleod/discourse/discourse/plugins/discourse-question-answer/lib/question_answer/vote.rb": {
        "lines": [
          null,
          null,
          1,
          1,
          1,
          1,
          1,
          1,
          null,
          1,
          44,
          null,
          44,
          null,
          44,
          44,
          32,
          32,
          12,
          12,
          12,
          17,
          11,
          11,
          null,
          null,
          null,
          null,
          null,
          44,
          44,
          null,
          44,
          null,
          44,
          null,
          null,
          null,
          null,
          null,
          null,
          44,
          null,
          44,
          44,
          44,
          44,
          null,
          0,
          null,
          null,
          null,
          1,
          3,
          3,
          null,
          null,
          null
        ]
      },
      "/Users/angusmcleod/discourse/discourse/plugins/discourse-question-answer/lib/question_answer/voter.rb": {
        "lines": [
          null,
          null,
          1,
          1,
          null
        ]
      },
      "/Users/angusmcleod/discourse/discourse/plugins/discourse-question-answer/extensions/category_custom_field_extension.rb": {
        "lines": [
          null,
          null,
          1,
          1,
          1,
          1,
          null,
          null,
          1,
          2,
          null,
          null,
          1,
          0,
          null,
          null,
          null
        ]
      },
      "/Users/angusmcleod/discourse/discourse/plugins/discourse-question-answer/extensions/category_extension.rb": {
        "lines": [
          null,
          null,
          1,
          1,
          1,
          332,
          null,
          null,
          1,
          null,
          null,
          null,
          null,
          null,
          null,
          337,
          null,
          null,
          null
        ]
      },
      "/Users/angusmcleod/discourse/discourse/plugins/discourse-question-answer/extensions/guardian_extension.rb": {
        "lines": [
          null,
          null,
          1,
          1,
          1,
          4,
          4,
          null,
          4,
          null,
          null,
          null,
          null,
          null,
          2,
          null,
          null,
          2,
          null,
          null,
          null
        ]
      },
      "/Users/angusmcleod/discourse/discourse/plugins/discourse-question-answer/extensions/post_action_type_extension.rb": {
        "lines": [
          null,
          null,
          1,
          1,
          1,
          141,
          null,
          null,
          null
        ]
      },
      "/Users/angusmcleod/discourse/discourse/plugins/discourse-question-answer/extensions/post_creator_extension.rb": {
        "lines": [
          null,
          null,
          1,
          1,
          1,
          1,
          1,
          null,
          null,
          null
        ]
      },
      "/Users/angusmcleod/discourse/discourse/plugins/discourse-question-answer/extensions/post_extension.rb": {
        "lines": [
          null,
          null,
          1,
          1,
          1,
          1,
          1,
          null,
          null,
          1,
          86,
          31,
          null,
          55,
          null,
          null,
          null,
          1,
          98,
          30,
          null,
          68,
          null,
          null,
          null,
          1,
          71,
          45,
          null,
          26,
          null,
          null,
          null,
          1,
          137,
          null,
          null,
          1,
          0,
          null,
          null,
          1,
          6,
          6,
          null,
          null,
          6,
          null,
          5,
          6,
          null,
          null,
          null,
          1,
          7,
          null,
          null,
          null,
          1,
          29,
          null,
          null,
          null,
          null,
          null
        ]
      },
      "/Users/angusmcleod/discourse/discourse/plugins/discourse-question-answer/extensions/post_serializer_extension.rb": {
        "lines": [
          null,
          null,
          1,
          1,
          1,
          146,
          null,
          20,
          null,
          14,
          null,
          14,
          null,
          null,
          null,
          14,
          12,
          null,
          12,
          2,
          2,
          null,
          10,
          null,
          null,
          null,
          14,
          null,
          14,
          13,
          null,
          1,
          null,
          null,
          null,
          1,
          20,
          null,
          null,
          1,
          20,
          null,
          null,
          1,
          20,
          null,
          null,
          1,
          14,
          null,
          null,
          1,
          20,
          null,
          null,
          1,
          14,
          null,
          null,
          1,
          20,
          null,
          null,
          1,
          14,
          null,
          null,
          1,
          20,
          null,
          null,
          1,
          14,
          null,
          null,
          1,
          20,
          null,
          null,
          null
        ]
      },
      "/Users/angusmcleod/discourse/discourse/plugins/discourse-question-answer/extensions/topic_extension.rb": {
        "lines": [
          null,
          null,
          1,
          1,
          1,
          1,
          null,
          null,
          1,
          3,
          3,
          3,
          3,
          null,
          null,
          1,
          124,
          17,
          null,
          null,
          null,
          null,
          null,
          1,
          2,
          null,
          null,
          null,
          null,
          null,
          null,
          1,
          9,
          5,
          null,
          null,
          null,
          null,
          null,
          1,
          19,
          null,
          null,
          1,
          2,
          null,
          null,
          1,
          18,
          null,
          18,
          null,
          null,
          1,
          3,
          null,
          1,
          null,
          null,
          1,
          18,
          null,
          18,
          null,
          null,
          1,
          18,
          null,
          18,
          null,
          null,
          null,
          1,
          1,
          22,
          null,
          19,
          null,
          19,
          6,
          null,
          null,
          13,
          null,
          13,
          null,
          12,
          12,
          null,
          null,
          null,
          1,
          32,
          null,
          29,
          null,
          null,
          null,
          null,
          1,
          173,
          null,
          158,
          null,
          156,
          null,
          156,
          1,
          null,
          null,
          155,
          155,
          155,
          null,
          155,
          null,
          null,
          1,
          46,
          null,
          46,
          null,
          46,
          null,
          null,
          46,
          null,
          null,
          null,
          null,
          null,
          null,
          null,
          null,
          null,
          null,
          46,
          null,
          null,
          46,
          5,
          5,
          null,
          null,
          46,
          29,
          null,
          29,
          null,
          29,
          7,
          35,
          35,
          null,
          null,
          22,
          null,
          null,
          null,
          null,
          null,
          null
        ]
      },
      "/Users/angusmcleod/discourse/discourse/plugins/discourse-question-answer/extensions/topic_list_item_serializer_extension.rb": {
        "lines": [
          null,
          null,
          1,
          1,
          1,
          1,
          null,
          null,
          null,
          1,
          1,
          null,
          null,
          1,
          4,
          null,
          null,
          1,
          1,
          null,
          null,
          1,
          2,
          null,
          null,
          null
        ]
      },
      "/Users/angusmcleod/discourse/discourse/plugins/discourse-question-answer/extensions/topic_view_extension.rb": {
        "lines": [
          null,
          null,
          1,
          1,
          1,
          15,
          null,
          null,
          null
        ]
      },
      "/Users/angusmcleod/discourse/discourse/plugins/discourse-question-answer/extensions/topic_view_serializer_extension.rb": {
        "lines": [
          null,
          null,
          1,
          1,
          1,
          1,
          null,
          null,
          null,
          null,
          null,
          null,
          null,
          null,
          null,
          null,
          null,
          null,
          null,
          1,
          2,
          null,
          null,
          1,
          14,
          null,
          null,
          1,
          2,
          null,
          null,
          1,
          2,
          null,
          null,
          1,
          1,
          null,
          null,
          1,
          2,
          null,
          null,
          1,
          1,
          null,
          null,
          1,
          2,
          null,
          null,
          1,
          1,
          null,
          null,
          1,
          2,
          null,
          null,
          1,
          1,
          null,
          null,
          1,
          2,
          null,
          null,
          1,
          1,
          null,
          null,
          1,
          2,
          null,
          null,
          1,
          1,
          null,
          null,
          null,
          null,
          null,
          null,
          1,
          2,
          null,
          null,
          null
        ]
      },
      "/Users/angusmcleod/discourse/discourse/plugins/discourse-question-answer/app/controllers/question_answer/votes_controller.rb": {
        "lines": [
          null,
          null,
          1,
          1,
          1,
          1,
          1,
          1,
          1,
          null,
          1,
          5,
          1,
          null,
          null,
          null,
          null,
          null,
          null,
          4,
          0,
          null,
          null,
          null,
          null,
          null,
          null,
          4,
          4,
          null,
          null,
          null,
          null,
          0,
          null,
          null,
          null,
          1,
          2,
          1,
          null,
          null,
          null,
          null,
          null,
          null,
          1,
          0,
          0,
          null,
          0,
          null,
          0,
          null,
          null,
          1,
          1,
          null,
          null,
          null,
          null,
          0,
          null,
          null,
          null,
          1,
          1,
          null,
          1,
          1,
          null,
          1,
          null,
          null,
          1,
          3,
          null,
          3,
          1,
          1,
          1,
          null,
          null,
          null,
          null,
          3,
          null,
          null,
          null,
          null,
          1,
          null,
          1,
          25,
          null,
          null,
          1,
          null,
          5,
          null,
          null,
          null,
          null,
          1,
          15,
          11,
          null,
          4,
          4,
          null,
          null,
          15,
          null,
          15,
          null,
          null,
          1,
          9,
          null,
          9,
          null,
          null,
          1,
          8,
          null,
          null,
          null
        ]
      },
      "/Users/angusmcleod/discourse/discourse/plugins/discourse-question-answer/app/serializers/question_answer/voter_serializer.rb": {
        "lines": [
          null,
          null,
          1,
          1,
          1,
          null,
          null,
          null,
          null
        ]
      },
      "/Users/angusmcleod/discourse/discourse/plugins/discourse-question-answer/config/routes.rb": {
        "lines": [
          null,
          null,
          1,
          1,
          1,
          1,
          null,
          null,
          1,
          1,
          null
        ]
      },
      "/Users/angusmcleod/discourse/discourse/plugins/discourse-question-answer/jobs/update_post_order.rb": {
        "lines": [
          null,
          null,
          1,
          1,
          1,
          0,
          0,
          null,
          0,
          0,
          0,
          null,
          0,
          0,
          null,
          null,
          null,
          null,
          null,
          null
        ]
      }
    },
    "timestamp": 1606769905
  }
}
