{
  "RSpec": {
    "coverage": {
      "/src/plugins/discourse-question-answer/lib/question_answer.rb": {
        "lines": [
          null,
          null,
          1,
          null,
          1,
          null
        ]
      },
      "/src/plugins/discourse-question-answer/lib/question_answer/engine.rb": {
        "lines": [
          null,
          null,
          1,
          1,
          1,
          1,
          null,
          null
        ]
      },
      "/src/plugins/discourse-question-answer/jobs/update_post_order.rb": {
        "lines": [
          null,
          null,
          1,
          1,
          1,
          0,
          0,
          null,
          0,
          0,
          0,
          null,
          0,
          0,
          null,
          null,
          null,
          null,
          null,
          null
        ]
      },
      "/src/plugins/discourse-question-answer/app/lib/question_answer/guardian_extension.rb": {
        "lines": [
          null,
          null,
          1,
          1,
          1,
          4,
          4,
          null,
          4,
          null,
          null,
          null,
          null,
          null,
          2,
          null,
          null,
          2,
          null,
          null,
          null
        ]
      },
      "/src/plugins/discourse-question-answer/app/lib/question_answer/post_creator_extension.rb": {
        "lines": [
          null,
          null,
          1,
          1,
          1,
          1,
          1,
          null,
          null,
          null
        ]
      },
      "/src/plugins/discourse-question-answer/app/lib/question_answer/post_serializer_extension.rb": {
        "lines": [
          null,
          null,
          1,
          1,
          1,
          146,
          null,
          20,
          null,
          14,
          null,
          14,
          null,
          null,
          null,
          14,
          12,
          null,
          12,
          2,
          2,
          null,
          10,
          null,
          null,
          null,
          14,
          null,
          14,
          13,
          null,
          1,
          null,
          null,
          null,
          1,
          20,
          null,
          null,
          1,
          20,
          null,
          null,
          1,
          20,
          null,
          null,
          1,
          14,
          null,
          null,
          1,
          20,
          null,
          null,
          1,
          14,
          null,
          null,
          1,
          20,
          null,
          null,
          1,
          14,
          null,
          null,
          1,
          20,
          null,
          null,
          1,
          14,
          null,
          null,
          1,
          20,
          null,
          null,
          null
        ]
      },
      "/src/plugins/discourse-question-answer/app/lib/question_answer/post_extension.rb": {
        "lines": [
          null,
          null,
          1,
          1,
          1,
          1,
          1,
          null,
          null,
          1,
          86,
          31,
          null,
          55,
          null,
          null,
          null,
          1,
          98,
          30,
          null,
          68,
          null,
          null,
          null,
          1,
          71,
          45,
          null,
          26,
          null,
          null,
          null,
          1,
          136,
          null,
          null,
          1,
          0,
          null,
          null,
          1,
          6,
          6,
          null,
          null,
          6,
          null,
          5,
          6,
          null,
          null,
          null,
          1,
          7,
          null,
          null,
          null,
          1,
          28,
          null,
          null,
          null,
          null,
          null
        ]
      },
      "/src/plugins/discourse-question-answer/app/lib/question_answer/post_action_type_extension.rb": {
        "lines": [
          null,
          null,
          1,
          1,
          1,
          141,
          null,
          null,
          null
        ]
      },
      "/src/plugins/discourse-question-answer/app/lib/question_answer/topic_extension.rb": {
        "lines": [
          null,
          null,
          1,
          1,
          1,
          1,
          null,
          null,
          1,
          3,
          3,
          3,
          3,
          null,
          null,
          1,
          124,
          17,
          null,
          null,
          null,
          null,
          null,
          1,
          2,
          null,
          null,
          null,
          null,
          null,
          null,
          1,
          9,
          5,
          null,
          null,
          null,
          null,
          null,
          1,
          19,
          null,
          null,
          1,
          2,
          null,
          null,
          1,
          18,
          null,
          18,
          null,
          null,
          1,
          3,
          null,
          1,
          null,
          null,
          1,
          18,
          null,
          18,
          null,
          null,
          1,
          18,
          null,
          18,
          null,
          null,
          null,
          1,
          1,
          23,
          null,
          19,
          null,
          19,
          6,
          null,
          null,
          13,
          null,
          13,
          null,
          12,
          12,
          null,
          null,
          null,
          1,
          32,
          null,
          29,
          null,
          null,
          null,
          null,
          1,
          172,
          null,
          157,
          null,
          155,
          null,
          155,
          1,
          null,
          null,
          154,
          154,
          154,
          null,
          154,
          null,
          null,
          1,
          45,
          null,
          45,
          null,
          45,
          null,
          null,
          45,
          null,
          null,
          null,
          null,
          null,
          null,
          null,
          null,
          null,
          null,
          45,
          null,
          null,
          45,
          0,
          0,
          null,
          null,
          45,
          28,
          null,
          28,
          null,
          28,
          7,
          35,
          35,
          null,
          null,
          21,
          null,
          null,
          null,
          null,
          null,
          null
        ]
      },
      "/src/plugins/discourse-question-answer/app/lib/question_answer/topic_view_extension.rb": {
        "lines": [
          null,
          null,
          1,
          1,
          1,
          15,
          null,
          null,
          null
        ]
      },
      "/src/plugins/discourse-question-answer/app/lib/question_answer/topic_view_serializer_extension.rb": {
        "lines": [
          null,
          null,
          1,
          1,
          1,
          1,
          null,
          null,
          null,
          null,
          null,
          null,
          null,
          null,
          null,
          null,
          null,
          null,
          null,
          1,
          2,
          null,
          null,
          1,
          14,
          null,
          null,
          1,
          2,
          null,
          null,
          1,
          2,
          null,
          null,
          1,
          1,
          null,
          null,
          1,
          2,
          null,
          null,
          1,
          1,
          null,
          null,
          1,
          2,
          null,
          null,
          1,
          1,
          null,
          null,
          1,
          2,
          null,
          null,
          1,
          1,
          null,
          null,
          1,
          2,
          null,
          null,
          1,
          1,
          null,
          null,
          1,
          2,
          null,
          null,
          1,
          1,
          null,
          null,
          null,
          null,
          null,
          null,
          1,
          2,
          null,
          null,
          null
        ]
      },
      "/src/plugins/discourse-question-answer/app/lib/question_answer/topic_list_item_serializer_extension.rb": {
        "lines": [
          null,
          null,
          1,
          1,
          1,
          1,
          null,
          null,
          null,
          1,
          1,
          null,
          null,
          1,
          4,
          null,
          null,
          1,
          1,
          null,
          null,
          1,
          2,
          null,
          null,
          null
        ]
      },
      "/src/plugins/discourse-question-answer/app/lib/question_answer/category_extension.rb": {
        "lines": [
          null,
          null,
          1,
          1,
          1,
          321,
          null,
          null,
          1,
          null,
          null,
          null,
          null,
          null,
          null,
          326,
          null,
          null,
          null
        ]
      },
      "/src/plugins/discourse-question-answer/app/lib/question_answer/category_custom_field_extension.rb": {
        "lines": [
          null,
          null,
          1,
          1,
          1,
          1,
          null,
          null,
          1,
          2,
          null,
          null,
          1,
          0,
          null,
          null,
          null
        ]
      },
      "/src/plugins/discourse-question-answer/config/routes.rb": {
        "lines": [
          null,
          null,
          1,
          1,
          1,
          null,
          null,
          1,
          1,
          null
        ]
      },
      "/src/plugins/discourse-question-answer/app/controllers/question_answer/votes_controller.rb": {
        "lines": [
          null,
          null,
          1,
          1,
          1,
          1,
          1,
          1,
          null,
          null,
          1,
          6,
          2,
          null,
          null,
          null,
          null,
          null,
          null,
          4,
          0,
          null,
          null,
          null,
          null,
          null,
          null,
          4,
          4,
          null,
          null,
          null,
          null,
          0,
          null,
          null,
          null,
          1,
          2,
          1,
          null,
          null,
          null,
          null,
          null,
          null,
          1,
          0,
          0,
          null,
          0,
          null,
          0,
          null,
          null,
          1,
          1,
          null,
          null,
          null,
          null,
          0,
          null,
          null,
          null,
          1,
          3,
          null,
          3,
          1,
          1,
          1,
          null,
          null,
          null,
          null,
          3,
          null,
          null,
          null,
          null,
          1,
          null,
          1,
          25,
          null,
          null,
          1,
          null,
          5,
          null,
          null,
          null,
          null,
          1,
          13,
          11,
          null,
          2,
          2,
          null,
          null,
          13,
          null,
          13,
          null,
          null,
          1,
          9,
          null,
          9,
          null,
          null,
          1,
          8,
          null,
          null,
          null,
          null,
          null,
          null,
          null,
          null,
          null,
          null,
          null,
          null,
          null,
          null,
          null,
          null,
          null,
          null,
          null,
          null,
          null,
          null,
          null,
          null,
          null,
          null,
          null,
          null
        ]
      },
      "/src/plugins/discourse-question-answer/app/lib/question_answer/vote.rb": {
        "lines": [
          null,
          null,
          1,
          1,
          1,
          1,
          1,
          1,
          null,
          1,
          44,
          null,
          44,
          null,
          44,
          44,
          32,
          32,
          12,
          12,
          12,
          17,
          11,
          11,
          null,
          null,
          null,
          null,
          null,
          44,
          44,
          null,
          44,
          null,
          44,
          null,
          null,
          null,
          null,
          null,
          null,
          44,
          null,
          44,
          44,
          44,
          44,
          null,
          0,
          null,
          null,
          null,
          1,
          3,
          3,
          null,
          null,
          null
        ]
      },
      "/src/plugins/discourse-question-answer/app/lib/question_answer/voter.rb": {
        "lines": [
          null,
          null,
          1,
          1,
          null
        ]
      },
      "/src/plugins/discourse-question-answer/app/serializers/question_answer/voter_serializer.rb": {
        "lines": [
          null,
          null,
          1,
          1,
          1,
          null,
          null,
          null,
          null
        ]
      }
    },
    "timestamp": 1599126293
  }
}
